Time resolution is 1 ps
Block Memory Generator module tb_top.u_top.u_global_buffer.u_input_bram.inst.\native_mem_module.blk_mem_gen_v8_4_4_inst  is using a behavioral model for simulation which will not precisely model memory collision behavior.
Block Memory Generator module tb_top.u_top.u_global_buffer.u_weight_bram.inst.\native_mem_module.blk_mem_gen_v8_4_4_inst  is using a behavioral model for simulation which will not precisely model memory collision behavior.
Block Memory Generator module tb_top.u_top.u_global_buffer.u_output_bram.inst.\native_mem_module.blk_mem_gen_v8_4_4_inst  is using a behavioral model for simulation which will not precisely model memory collision behavior.
Block Memory Generator module tb_top.u_top.u_NIT.inst.\native_mem_module.blk_mem_gen_v8_4_4_inst  is using a behavioral model for simulation which will not precisely model memory collision behavior.
Block Memory Generator module tb_top.u_top.u_PFT.\genblk1[0].PFT_bank .inst.\native_mem_module.blk_mem_gen_v8_4_4_inst  is using a behavioral model for simulation which will not precisely model memory collision behavior.
Block Memory Generator module tb_top.u_top.u_PFT.\genblk1[1].PFT_bank .inst.\native_mem_module.blk_mem_gen_v8_4_4_inst  is using a behavioral model for simulation which will not precisely model memory collision behavior.
Block Memory Generator module tb_top.u_top.u_PFT.\genblk1[2].PFT_bank .inst.\native_mem_module.blk_mem_gen_v8_4_4_inst  is using a behavioral model for simulation which will not precisely model memory collision behavior.
Block Memory Generator module tb_top.u_top.u_PFT.\genblk1[3].PFT_bank .inst.\native_mem_module.blk_mem_gen_v8_4_4_inst  is using a behavioral model for simulation which will not precisely model memory collision behavior.
Block Memory Generator module tb_top.u_top.u_PFT.\genblk1[4].PFT_bank .inst.\native_mem_module.blk_mem_gen_v8_4_4_inst  is using a behavioral model for simulation which will not precisely model memory collision behavior.
Block Memory Generator module tb_top.u_top.u_PFT.\genblk1[5].PFT_bank .inst.\native_mem_module.blk_mem_gen_v8_4_4_inst  is using a behavioral model for simulation which will not precisely model memory collision behavior.
Block Memory Generator module tb_top.u_top.u_PFT.\genblk1[6].PFT_bank .inst.\native_mem_module.blk_mem_gen_v8_4_4_inst  is using a behavioral model for simulation which will not precisely model memory collision behavior.
Block Memory Generator module tb_top.u_top.u_PFT.\genblk1[7].PFT_bank .inst.\native_mem_module.blk_mem_gen_v8_4_4_inst  is using a behavioral model for simulation which will not precisely model memory collision behavior.
Block Memory Generator module tb_top.u_top.u_PFT.\genblk1[8].PFT_bank .inst.\native_mem_module.blk_mem_gen_v8_4_4_inst  is using a behavioral model for simulation which will not precisely model memory collision behavior.
Block Memory Generator module tb_top.u_top.u_PFT.\genblk1[9].PFT_bank .inst.\native_mem_module.blk_mem_gen_v8_4_4_inst  is using a behavioral model for simulation which will not precisely model memory collision behavior.
Block Memory Generator module tb_top.u_top.u_PFT.\genblk1[10].PFT_bank .inst.\native_mem_module.blk_mem_gen_v8_4_4_inst  is using a behavioral model for simulation which will not precisely model memory collision behavior.
Block Memory Generator module tb_top.u_top.u_PFT.\genblk1[11].PFT_bank .inst.\native_mem_module.blk_mem_gen_v8_4_4_inst  is using a behavioral model for simulation which will not precisely model memory collision behavior.
Block Memory Generator module tb_top.u_top.u_PFT.\genblk1[12].PFT_bank .inst.\native_mem_module.blk_mem_gen_v8_4_4_inst  is using a behavioral model for simulation which will not precisely model memory collision behavior.
Block Memory Generator module tb_top.u_top.u_PFT.\genblk1[13].PFT_bank .inst.\native_mem_module.blk_mem_gen_v8_4_4_inst  is using a behavioral model for simulation which will not precisely model memory collision behavior.
Block Memory Generator module tb_top.u_top.u_PFT.\genblk1[14].PFT_bank .inst.\native_mem_module.blk_mem_gen_v8_4_4_inst  is using a behavioral model for simulation which will not precisely model memory collision behavior.
Block Memory Generator module tb_top.u_top.u_PFT.\genblk1[15].PFT_bank .inst.\native_mem_module.blk_mem_gen_v8_4_4_inst  is using a behavioral model for simulation which will not precisely model memory collision behavior.
Block Memory Generator module tb_top.u_top.u_PFT.\genblk1[16].PFT_bank .inst.\native_mem_module.blk_mem_gen_v8_4_4_inst  is using a behavioral model for simulation which will not precisely model memory collision behavior.
Block Memory Generator module tb_top.u_top.u_PFT.\genblk1[17].PFT_bank .inst.\native_mem_module.blk_mem_gen_v8_4_4_inst  is using a behavioral model for simulation which will not precisely model memory collision behavior.
Block Memory Generator module tb_top.u_top.u_PFT.\genblk1[18].PFT_bank .inst.\native_mem_module.blk_mem_gen_v8_4_4_inst  is using a behavioral model for simulation which will not precisely model memory collision behavior.
Block Memory Generator module tb_top.u_top.u_PFT.\genblk1[19].PFT_bank .inst.\native_mem_module.blk_mem_gen_v8_4_4_inst  is using a behavioral model for simulation which will not precisely model memory collision behavior.
Block Memory Generator module tb_top.u_top.u_PFT.\genblk1[20].PFT_bank .inst.\native_mem_module.blk_mem_gen_v8_4_4_inst  is using a behavioral model for simulation which will not precisely model memory collision behavior.
Block Memory Generator module tb_top.u_top.u_PFT.\genblk1[21].PFT_bank .inst.\native_mem_module.blk_mem_gen_v8_4_4_inst  is using a behavioral model for simulation which will not precisely model memory collision behavior.
Block Memory Generator module tb_top.u_top.u_PFT.\genblk1[22].PFT_bank .inst.\native_mem_module.blk_mem_gen_v8_4_4_inst  is using a behavioral model for simulation which will not precisely model memory collision behavior.
Block Memory Generator module tb_top.u_top.u_PFT.\genblk1[23].PFT_bank .inst.\native_mem_module.blk_mem_gen_v8_4_4_inst  is using a behavioral model for simulation which will not precisely model memory collision behavior.
Block Memory Generator module tb_top.u_top.u_PFT.\genblk1[24].PFT_bank .inst.\native_mem_module.blk_mem_gen_v8_4_4_inst  is using a behavioral model for simulation which will not precisely model memory collision behavior.
Block Memory Generator module tb_top.u_top.u_PFT.\genblk1[25].PFT_bank .inst.\native_mem_module.blk_mem_gen_v8_4_4_inst  is using a behavioral model for simulation which will not precisely model memory collision behavior.
Block Memory Generator module tb_top.u_top.u_PFT.\genblk1[26].PFT_bank .inst.\native_mem_module.blk_mem_gen_v8_4_4_inst  is using a behavioral model for simulation which will not precisely model memory collision behavior.
Block Memory Generator module tb_top.u_top.u_PFT.\genblk1[27].PFT_bank .inst.\native_mem_module.blk_mem_gen_v8_4_4_inst  is using a behavioral model for simulation which will not precisely model memory collision behavior.
Block Memory Generator module tb_top.u_top.u_PFT.\genblk1[28].PFT_bank .inst.\native_mem_module.blk_mem_gen_v8_4_4_inst  is using a behavioral model for simulation which will not precisely model memory collision behavior.
Block Memory Generator module tb_top.u_top.u_PFT.\genblk1[29].PFT_bank .inst.\native_mem_module.blk_mem_gen_v8_4_4_inst  is using a behavioral model for simulation which will not precisely model memory collision behavior.
Block Memory Generator module tb_top.u_top.u_PFT.\genblk1[30].PFT_bank .inst.\native_mem_module.blk_mem_gen_v8_4_4_inst  is using a behavioral model for simulation which will not precisely model memory collision behavior.
Block Memory Generator module tb_top.u_top.u_PFT.\genblk1[31].PFT_bank .inst.\native_mem_module.blk_mem_gen_v8_4_4_inst  is using a behavioral model for simulation which will not precisely model memory collision behavior.
blk_mem_gen_v8_4_4 collision detected at time: 46000, Instance: tb_top.u_top.u_NIT.inst.\native_mem_module.blk_mem_gen_v8_4_4_inst , A write address: 0, B  read address: 0
blk_mem_gen_v8_4_4 collision detected at time: 8260000, Instance: tb_top.u_top.u_global_buffer.u_input_bram.inst.\native_mem_module.blk_mem_gen_v8_4_4_inst , A write address: 0, B  read address: 0
blk_mem_gen_v8_4_4 collision detected at time: 41030000, Instance: tb_top.u_top.u_global_buffer.u_weight_bram.inst.\native_mem_module.blk_mem_gen_v8_4_4_inst , A write address: 0, B  read address: 0
blk_mem_gen_v8_4_4 collision detected at time: 178606000, Instance: tb_top.u_top.u_PFT.\genblk1[0].PFT_bank .inst.\native_mem_module.blk_mem_gen_v8_4_4_inst , A write address: d, B  read address: d
blk_mem_gen_v8_4_4 collision detected at time: 178678000, Instance: tb_top.u_top.u_PFT.\genblk1[1].PFT_bank .inst.\native_mem_module.blk_mem_gen_v8_4_4_inst , A write address: 11, B  read address: 11
blk_mem_gen_v8_4_4 collision detected at time: 178718000, Instance: tb_top.u_top.u_PFT.\genblk1[2].PFT_bank .inst.\native_mem_module.blk_mem_gen_v8_4_4_inst , A write address: 5, B  read address: 5
blk_mem_gen_v8_4_4 collision detected at time: 178772000, Instance: tb_top.u_top.u_PFT.\genblk1[3].PFT_bank .inst.\native_mem_module.blk_mem_gen_v8_4_4_inst , A write address: 0, B  read address: 0
blk_mem_gen_v8_4_4 collision detected at time: 178836000, Instance: tb_top.u_top.u_PFT.\genblk1[4].PFT_bank .inst.\native_mem_module.blk_mem_gen_v8_4_4_inst , A write address: 0, B  read address: 0
blk_mem_gen_v8_4_4 collision detected at time: 178958000, Instance: tb_top.u_top.u_PFT.\genblk1[5].PFT_bank .inst.\native_mem_module.blk_mem_gen_v8_4_4_inst , A write address: 1d, B  read address: 1d
blk_mem_gen_v8_4_4 collision detected at time: 178984000, Instance: tb_top.u_top.u_PFT.\genblk1[6].PFT_bank .inst.\native_mem_module.blk_mem_gen_v8_4_4_inst , A write address: a, B  read address: a
blk_mem_gen_v8_4_4 collision detected at time: 179060000, Instance: tb_top.u_top.u_PFT.\genblk1[7].PFT_bank .inst.\native_mem_module.blk_mem_gen_v8_4_4_inst , A write address: 10, B  read address: 10
blk_mem_gen_v8_4_4 collision detected at time: 179150000, Instance: tb_top.u_top.u_PFT.\genblk1[8].PFT_bank .inst.\native_mem_module.blk_mem_gen_v8_4_4_inst , A write address: 1d, B  read address: 1d
blk_mem_gen_v8_4_4 collision detected at time: 179156000, Instance: tb_top.u_top.u_PFT.\genblk1[9].PFT_bank .inst.\native_mem_module.blk_mem_gen_v8_4_4_inst , A write address: 0, B  read address: 0
blk_mem_gen_v8_4_4 collision detected at time: 179228000, Instance: tb_top.u_top.u_PFT.\genblk1[10].PFT_bank .inst.\native_mem_module.blk_mem_gen_v8_4_4_inst , A write address: 4, B  read address: 4
blk_mem_gen_v8_4_4 collision detected at time: 179338000, Instance: tb_top.u_top.u_PFT.\genblk1[11].PFT_bank .inst.\native_mem_module.blk_mem_gen_v8_4_4_inst , A write address: 1b, B  read address: 1b
blk_mem_gen_v8_4_4 collision detected at time: 179406000, Instance: tb_top.u_top.u_PFT.\genblk1[12].PFT_bank .inst.\native_mem_module.blk_mem_gen_v8_4_4_inst , A write address: 1d, B  read address: 1d
blk_mem_gen_v8_4_4 collision detected at time: 179416000, Instance: tb_top.u_top.u_PFT.\genblk1[13].PFT_bank .inst.\native_mem_module.blk_mem_gen_v8_4_4_inst , A write address: 2, B  read address: 2
blk_mem_gen_v8_4_4 collision detected at time: 179518000, Instance: tb_top.u_top.u_PFT.\genblk1[14].PFT_bank .inst.\native_mem_module.blk_mem_gen_v8_4_4_inst , A write address: 15, B  read address: 15
blk_mem_gen_v8_4_4 collision detected at time: 179590000, Instance: tb_top.u_top.u_PFT.\genblk1[15].PFT_bank .inst.\native_mem_module.blk_mem_gen_v8_4_4_inst , A write address: 19, B  read address: 19
blk_mem_gen_v8_4_4 collision detected at time: 179618000, Instance: tb_top.u_top.u_PFT.\genblk1[16].PFT_bank .inst.\native_mem_module.blk_mem_gen_v8_4_4_inst , A write address: 7, B  read address: 7
blk_mem_gen_v8_4_4 collision detected at time: 179672000, Instance: tb_top.u_top.u_PFT.\genblk1[17].PFT_bank .inst.\native_mem_module.blk_mem_gen_v8_4_4_inst , A write address: 2, B  read address: 2
blk_mem_gen_v8_4_4 collision detected at time: 179790000, Instance: tb_top.u_top.u_PFT.\genblk1[18].PFT_bank .inst.\native_mem_module.blk_mem_gen_v8_4_4_inst , A write address: 1d, B  read address: 1d
blk_mem_gen_v8_4_4 collision detected at time: 179828000, Instance: tb_top.u_top.u_PFT.\genblk1[19].PFT_bank .inst.\native_mem_module.blk_mem_gen_v8_4_4_inst , A write address: 10, B  read address: 10
blk_mem_gen_v8_4_4 collision detected at time: 179870000, Instance: tb_top.u_top.u_PFT.\genblk1[20].PFT_bank .inst.\native_mem_module.blk_mem_gen_v8_4_4_inst , A write address: 5, B  read address: 5
blk_mem_gen_v8_4_4 collision detected at time: 179976000, Instance: tb_top.u_top.u_PFT.\genblk1[21].PFT_bank .inst.\native_mem_module.blk_mem_gen_v8_4_4_inst , A write address: 1a, B  read address: 1a
blk_mem_gen_v8_4_4 collision detected at time: 180048000, Instance: tb_top.u_top.u_PFT.\genblk1[22].PFT_bank .inst.\native_mem_module.blk_mem_gen_v8_4_4_inst , A write address: 1e, B  read address: 1e
blk_mem_gen_v8_4_4 collision detected at time: 180054000, Instance: tb_top.u_top.u_PFT.\genblk1[23].PFT_bank .inst.\native_mem_module.blk_mem_gen_v8_4_4_inst , A write address: 1, B  read address: 1
blk_mem_gen_v8_4_4 collision detected at time: 180140000, Instance: tb_top.u_top.u_PFT.\genblk1[24].PFT_bank .inst.\native_mem_module.blk_mem_gen_v8_4_4_inst , A write address: c, B  read address: c
blk_mem_gen_v8_4_4 collision detected at time: 180192000, Instance: tb_top.u_top.u_PFT.\genblk1[25].PFT_bank .inst.\native_mem_module.blk_mem_gen_v8_4_4_inst , A write address: 6, B  read address: 6
blk_mem_gen_v8_4_4 collision detected at time: 180270000, Instance: tb_top.u_top.u_PFT.\genblk1[26].PFT_bank .inst.\native_mem_module.blk_mem_gen_v8_4_4_inst , A write address: d, B  read address: d
blk_mem_gen_v8_4_4 collision detected at time: 180308000, Instance: tb_top.u_top.u_PFT.\genblk1[27].PFT_bank .inst.\native_mem_module.blk_mem_gen_v8_4_4_inst , A write address: 0, B  read address: 0
blk_mem_gen_v8_4_4 collision detected at time: 180374000, Instance: tb_top.u_top.u_PFT.\genblk1[28].PFT_bank .inst.\native_mem_module.blk_mem_gen_v8_4_4_inst , A write address: 1, B  read address: 1
blk_mem_gen_v8_4_4 collision detected at time: 180436000, Instance: tb_top.u_top.u_PFT.\genblk1[29].PFT_bank .inst.\native_mem_module.blk_mem_gen_v8_4_4_inst , A write address: 0, B  read address: 0
blk_mem_gen_v8_4_4 collision detected at time: 180554000, Instance: tb_top.u_top.u_PFT.\genblk1[30].PFT_bank .inst.\native_mem_module.blk_mem_gen_v8_4_4_inst , A write address: 1b, B  read address: 1b
blk_mem_gen_v8_4_4 collision detected at time: 180602000, Instance: tb_top.u_top.u_PFT.\genblk1[31].PFT_bank .inst.\native_mem_module.blk_mem_gen_v8_4_4_inst , A write address: 13, B  read address: 13
blk_mem_gen_v8_4_4 collision detected at time: 180644000, Instance: tb_top.u_top.u_global_buffer.u_input_bram.inst.\native_mem_module.blk_mem_gen_v8_4_4_inst , A write address: 0, B  read address: 0
blk_mem_gen_v8_4_4 collision detected at time: 190904000, Instance: tb_top.u_top.u_PFT.\genblk1[0].PFT_bank .inst.\native_mem_module.blk_mem_gen_v8_4_4_inst , A write address: d, B  read address: d
blk_mem_gen_v8_4_4 collision detected at time: 190976000, Instance: tb_top.u_top.u_PFT.\genblk1[1].PFT_bank .inst.\native_mem_module.blk_mem_gen_v8_4_4_inst , A write address: 11, B  read address: 11
blk_mem_gen_v8_4_4 collision detected at time: 191016000, Instance: tb_top.u_top.u_PFT.\genblk1[2].PFT_bank .inst.\native_mem_module.blk_mem_gen_v8_4_4_inst , A write address: 5, B  read address: 5
blk_mem_gen_v8_4_4 collision detected at time: 191070000, Instance: tb_top.u_top.u_PFT.\genblk1[3].PFT_bank .inst.\native_mem_module.blk_mem_gen_v8_4_4_inst , A write address: 0, B  read address: 0
blk_mem_gen_v8_4_4 collision detected at time: 191134000, Instance: tb_top.u_top.u_PFT.\genblk1[4].PFT_bank .inst.\native_mem_module.blk_mem_gen_v8_4_4_inst , A write address: 0, B  read address: 0
blk_mem_gen_v8_4_4 collision detected at time: 191256000, Instance: tb_top.u_top.u_PFT.\genblk1[5].PFT_bank .inst.\native_mem_module.blk_mem_gen_v8_4_4_inst , A write address: 1d, B  read address: 1d
blk_mem_gen_v8_4_4 collision detected at time: 191282000, Instance: tb_top.u_top.u_PFT.\genblk1[6].PFT_bank .inst.\native_mem_module.blk_mem_gen_v8_4_4_inst , A write address: a, B  read address: a
blk_mem_gen_v8_4_4 collision detected at time: 191358000, Instance: tb_top.u_top.u_PFT.\genblk1[7].PFT_bank .inst.\native_mem_module.blk_mem_gen_v8_4_4_inst , A write address: 10, B  read address: 10
blk_mem_gen_v8_4_4 collision detected at time: 191448000, Instance: tb_top.u_top.u_PFT.\genblk1[8].PFT_bank .inst.\native_mem_module.blk_mem_gen_v8_4_4_inst , A write address: 1d, B  read address: 1d
blk_mem_gen_v8_4_4 collision detected at time: 191454000, Instance: tb_top.u_top.u_PFT.\genblk1[9].PFT_bank .inst.\native_mem_module.blk_mem_gen_v8_4_4_inst , A write address: 0, B  read address: 0
blk_mem_gen_v8_4_4 collision detected at time: 191526000, Instance: tb_top.u_top.u_PFT.\genblk1[10].PFT_bank .inst.\native_mem_module.blk_mem_gen_v8_4_4_inst , A write address: 4, B  read address: 4
blk_mem_gen_v8_4_4 collision detected at time: 191636000, Instance: tb_top.u_top.u_PFT.\genblk1[11].PFT_bank .inst.\native_mem_module.blk_mem_gen_v8_4_4_inst , A write address: 1b, B  read address: 1b
blk_mem_gen_v8_4_4 collision detected at time: 191704000, Instance: tb_top.u_top.u_PFT.\genblk1[12].PFT_bank .inst.\native_mem_module.blk_mem_gen_v8_4_4_inst , A write address: 1d, B  read address: 1d
blk_mem_gen_v8_4_4 collision detected at time: 191714000, Instance: tb_top.u_top.u_PFT.\genblk1[13].PFT_bank .inst.\native_mem_module.blk_mem_gen_v8_4_4_inst , A write address: 2, B  read address: 2
blk_mem_gen_v8_4_4 collision detected at time: 191816000, Instance: tb_top.u_top.u_PFT.\genblk1[14].PFT_bank .inst.\native_mem_module.blk_mem_gen_v8_4_4_inst , A write address: 15, B  read address: 15
blk_mem_gen_v8_4_4 collision detected at time: 191888000, Instance: tb_top.u_top.u_PFT.\genblk1[15].PFT_bank .inst.\native_mem_module.blk_mem_gen_v8_4_4_inst , A write address: 19, B  read address: 19
blk_mem_gen_v8_4_4 collision detected at time: 191916000, Instance: tb_top.u_top.u_PFT.\genblk1[16].PFT_bank .inst.\native_mem_module.blk_mem_gen_v8_4_4_inst , A write address: 7, B  read address: 7
blk_mem_gen_v8_4_4 collision detected at time: 191970000, Instance: tb_top.u_top.u_PFT.\genblk1[17].PFT_bank .inst.\native_mem_module.blk_mem_gen_v8_4_4_inst , A write address: 2, B  read address: 2
blk_mem_gen_v8_4_4 collision detected at time: 192088000, Instance: tb_top.u_top.u_PFT.\genblk1[18].PFT_bank .inst.\native_mem_module.blk_mem_gen_v8_4_4_inst , A write address: 1d, B  read address: 1d
blk_mem_gen_v8_4_4 collision detected at time: 192126000, Instance: tb_top.u_top.u_PFT.\genblk1[19].PFT_bank .inst.\native_mem_module.blk_mem_gen_v8_4_4_inst , A write address: 10, B  read address: 10
blk_mem_gen_v8_4_4 collision detected at time: 192168000, Instance: tb_top.u_top.u_PFT.\genblk1[20].PFT_bank .inst.\native_mem_module.blk_mem_gen_v8_4_4_inst , A write address: 5, B  read address: 5
blk_mem_gen_v8_4_4 collision detected at time: 192274000, Instance: tb_top.u_top.u_PFT.\genblk1[21].PFT_bank .inst.\native_mem_module.blk_mem_gen_v8_4_4_inst , A write address: 1a, B  read address: 1a
blk_mem_gen_v8_4_4 collision detected at time: 192346000, Instance: tb_top.u_top.u_PFT.\genblk1[22].PFT_bank .inst.\native_mem_module.blk_mem_gen_v8_4_4_inst , A write address: 1e, B  read address: 1e
blk_mem_gen_v8_4_4 collision detected at time: 192352000, Instance: tb_top.u_top.u_PFT.\genblk1[23].PFT_bank .inst.\native_mem_module.blk_mem_gen_v8_4_4_inst , A write address: 1, B  read address: 1
blk_mem_gen_v8_4_4 collision detected at time: 192438000, Instance: tb_top.u_top.u_PFT.\genblk1[24].PFT_bank .inst.\native_mem_module.blk_mem_gen_v8_4_4_inst , A write address: c, B  read address: c
blk_mem_gen_v8_4_4 collision detected at time: 192490000, Instance: tb_top.u_top.u_PFT.\genblk1[25].PFT_bank .inst.\native_mem_module.blk_mem_gen_v8_4_4_inst , A write address: 6, B  read address: 6
blk_mem_gen_v8_4_4 collision detected at time: 192568000, Instance: tb_top.u_top.u_PFT.\genblk1[26].PFT_bank .inst.\native_mem_module.blk_mem_gen_v8_4_4_inst , A write address: d, B  read address: d
blk_mem_gen_v8_4_4 collision detected at time: 192606000, Instance: tb_top.u_top.u_PFT.\genblk1[27].PFT_bank .inst.\native_mem_module.blk_mem_gen_v8_4_4_inst , A write address: 0, B  read address: 0
blk_mem_gen_v8_4_4 collision detected at time: 192672000, Instance: tb_top.u_top.u_PFT.\genblk1[28].PFT_bank .inst.\native_mem_module.blk_mem_gen_v8_4_4_inst , A write address: 1, B  read address: 1
blk_mem_gen_v8_4_4 collision detected at time: 192734000, Instance: tb_top.u_top.u_PFT.\genblk1[29].PFT_bank .inst.\native_mem_module.blk_mem_gen_v8_4_4_inst , A write address: 0, B  read address: 0
blk_mem_gen_v8_4_4 collision detected at time: 192852000, Instance: tb_top.u_top.u_PFT.\genblk1[30].PFT_bank .inst.\native_mem_module.blk_mem_gen_v8_4_4_inst , A write address: 1b, B  read address: 1b
blk_mem_gen_v8_4_4 collision detected at time: 192900000, Instance: tb_top.u_top.u_PFT.\genblk1[31].PFT_bank .inst.\native_mem_module.blk_mem_gen_v8_4_4_inst , A write address: 13, B  read address: 13
blk_mem_gen_v8_4_4 collision detected at time: 203202000, Instance: tb_top.u_top.u_PFT.\genblk1[0].PFT_bank .inst.\native_mem_module.blk_mem_gen_v8_4_4_inst , A write address: d, B  read address: d
blk_mem_gen_v8_4_4 collision detected at time: 203274000, Instance: tb_top.u_top.u_PFT.\genblk1[1].PFT_bank .inst.\native_mem_module.blk_mem_gen_v8_4_4_inst , A write address: 11, B  read address: 11
blk_mem_gen_v8_4_4 collision detected at time: 203314000, Instance: tb_top.u_top.u_PFT.\genblk1[2].PFT_bank .inst.\native_mem_module.blk_mem_gen_v8_4_4_inst , A write address: 5, B  read address: 5
blk_mem_gen_v8_4_4 collision detected at time: 203368000, Instance: tb_top.u_top.u_PFT.\genblk1[3].PFT_bank .inst.\native_mem_module.blk_mem_gen_v8_4_4_inst , A write address: 0, B  read address: 0
blk_mem_gen_v8_4_4 collision detected at time: 203432000, Instance: tb_top.u_top.u_PFT.\genblk1[4].PFT_bank .inst.\native_mem_module.blk_mem_gen_v8_4_4_inst , A write address: 0, B  read address: 0
blk_mem_gen_v8_4_4 collision detected at time: 203554000, Instance: tb_top.u_top.u_PFT.\genblk1[5].PFT_bank .inst.\native_mem_module.blk_mem_gen_v8_4_4_inst , A write address: 1d, B  read address: 1d
blk_mem_gen_v8_4_4 collision detected at time: 203580000, Instance: tb_top.u_top.u_PFT.\genblk1[6].PFT_bank .inst.\native_mem_module.blk_mem_gen_v8_4_4_inst , A write address: a, B  read address: a
blk_mem_gen_v8_4_4 collision detected at time: 203656000, Instance: tb_top.u_top.u_PFT.\genblk1[7].PFT_bank .inst.\native_mem_module.blk_mem_gen_v8_4_4_inst , A write address: 10, B  read address: 10
blk_mem_gen_v8_4_4 collision detected at time: 203746000, Instance: tb_top.u_top.u_PFT.\genblk1[8].PFT_bank .inst.\native_mem_module.blk_mem_gen_v8_4_4_inst , A write address: 1d, B  read address: 1d
blk_mem_gen_v8_4_4 collision detected at time: 203752000, Instance: tb_top.u_top.u_PFT.\genblk1[9].PFT_bank .inst.\native_mem_module.blk_mem_gen_v8_4_4_inst , A write address: 0, B  read address: 0
blk_mem_gen_v8_4_4 collision detected at time: 203824000, Instance: tb_top.u_top.u_PFT.\genblk1[10].PFT_bank .inst.\native_mem_module.blk_mem_gen_v8_4_4_inst , A write address: 4, B  read address: 4
blk_mem_gen_v8_4_4 collision detected at time: 203934000, Instance: tb_top.u_top.u_PFT.\genblk1[11].PFT_bank .inst.\native_mem_module.blk_mem_gen_v8_4_4_inst , A write address: 1b, B  read address: 1b
blk_mem_gen_v8_4_4 collision detected at time: 204002000, Instance: tb_top.u_top.u_PFT.\genblk1[12].PFT_bank .inst.\native_mem_module.blk_mem_gen_v8_4_4_inst , A write address: 1d, B  read address: 1d
blk_mem_gen_v8_4_4 collision detected at time: 204012000, Instance: tb_top.u_top.u_PFT.\genblk1[13].PFT_bank .inst.\native_mem_module.blk_mem_gen_v8_4_4_inst , A write address: 2, B  read address: 2
blk_mem_gen_v8_4_4 collision detected at time: 204114000, Instance: tb_top.u_top.u_PFT.\genblk1[14].PFT_bank .inst.\native_mem_module.blk_mem_gen_v8_4_4_inst , A write address: 15, B  read address: 15
blk_mem_gen_v8_4_4 collision detected at time: 204186000, Instance: tb_top.u_top.u_PFT.\genblk1[15].PFT_bank .inst.\native_mem_module.blk_mem_gen_v8_4_4_inst , A write address: 19, B  read address: 19
blk_mem_gen_v8_4_4 collision detected at time: 204214000, Instance: tb_top.u_top.u_PFT.\genblk1[16].PFT_bank .inst.\native_mem_module.blk_mem_gen_v8_4_4_inst , A write address: 7, B  read address: 7
blk_mem_gen_v8_4_4 collision detected at time: 204268000, Instance: tb_top.u_top.u_PFT.\genblk1[17].PFT_bank .inst.\native_mem_module.blk_mem_gen_v8_4_4_inst , A write address: 2, B  read address: 2
blk_mem_gen_v8_4_4 collision detected at time: 204386000, Instance: tb_top.u_top.u_PFT.\genblk1[18].PFT_bank .inst.\native_mem_module.blk_mem_gen_v8_4_4_inst , A write address: 1d, B  read address: 1d
blk_mem_gen_v8_4_4 collision detected at time: 204424000, Instance: tb_top.u_top.u_PFT.\genblk1[19].PFT_bank .inst.\native_mem_module.blk_mem_gen_v8_4_4_inst , A write address: 10, B  read address: 10
blk_mem_gen_v8_4_4 collision detected at time: 204466000, Instance: tb_top.u_top.u_PFT.\genblk1[20].PFT_bank .inst.\native_mem_module.blk_mem_gen_v8_4_4_inst , A write address: 5, B  read address: 5
blk_mem_gen_v8_4_4 collision detected at time: 204572000, Instance: tb_top.u_top.u_PFT.\genblk1[21].PFT_bank .inst.\native_mem_module.blk_mem_gen_v8_4_4_inst , A write address: 1a, B  read address: 1a
blk_mem_gen_v8_4_4 collision detected at time: 204644000, Instance: tb_top.u_top.u_PFT.\genblk1[22].PFT_bank .inst.\native_mem_module.blk_mem_gen_v8_4_4_inst , A write address: 1e, B  read address: 1e
blk_mem_gen_v8_4_4 collision detected at time: 204650000, Instance: tb_top.u_top.u_PFT.\genblk1[23].PFT_bank .inst.\native_mem_module.blk_mem_gen_v8_4_4_inst , A write address: 1, B  read address: 1
blk_mem_gen_v8_4_4 collision detected at time: 204736000, Instance: tb_top.u_top.u_PFT.\genblk1[24].PFT_bank .inst.\native_mem_module.blk_mem_gen_v8_4_4_inst , A write address: c, B  read address: c
blk_mem_gen_v8_4_4 collision detected at time: 204788000, Instance: tb_top.u_top.u_PFT.\genblk1[25].PFT_bank .inst.\native_mem_module.blk_mem_gen_v8_4_4_inst , A write address: 6, B  read address: 6
blk_mem_gen_v8_4_4 collision detected at time: 204866000, Instance: tb_top.u_top.u_PFT.\genblk1[26].PFT_bank .inst.\native_mem_module.blk_mem_gen_v8_4_4_inst , A write address: d, B  read address: d
blk_mem_gen_v8_4_4 collision detected at time: 204904000, Instance: tb_top.u_top.u_PFT.\genblk1[27].PFT_bank .inst.\native_mem_module.blk_mem_gen_v8_4_4_inst , A write address: 0, B  read address: 0
blk_mem_gen_v8_4_4 collision detected at time: 204970000, Instance: tb_top.u_top.u_PFT.\genblk1[28].PFT_bank .inst.\native_mem_module.blk_mem_gen_v8_4_4_inst , A write address: 1, B  read address: 1
blk_mem_gen_v8_4_4 collision detected at time: 205032000, Instance: tb_top.u_top.u_PFT.\genblk1[29].PFT_bank .inst.\native_mem_module.blk_mem_gen_v8_4_4_inst , A write address: 0, B  read address: 0
blk_mem_gen_v8_4_4 collision detected at time: 205150000, Instance: tb_top.u_top.u_PFT.\genblk1[30].PFT_bank .inst.\native_mem_module.blk_mem_gen_v8_4_4_inst , A write address: 1b, B  read address: 1b
blk_mem_gen_v8_4_4 collision detected at time: 205198000, Instance: tb_top.u_top.u_PFT.\genblk1[31].PFT_bank .inst.\native_mem_module.blk_mem_gen_v8_4_4_inst , A write address: 13, B  read address: 13
blk_mem_gen_v8_4_4 collision detected at time: 215500000, Instance: tb_top.u_top.u_PFT.\genblk1[0].PFT_bank .inst.\native_mem_module.blk_mem_gen_v8_4_4_inst , A write address: d, B  read address: d
blk_mem_gen_v8_4_4 collision detected at time: 215572000, Instance: tb_top.u_top.u_PFT.\genblk1[1].PFT_bank .inst.\native_mem_module.blk_mem_gen_v8_4_4_inst , A write address: 11, B  read address: 11
blk_mem_gen_v8_4_4 collision detected at time: 215612000, Instance: tb_top.u_top.u_PFT.\genblk1[2].PFT_bank .inst.\native_mem_module.blk_mem_gen_v8_4_4_inst , A write address: 5, B  read address: 5
blk_mem_gen_v8_4_4 collision detected at time: 215666000, Instance: tb_top.u_top.u_PFT.\genblk1[3].PFT_bank .inst.\native_mem_module.blk_mem_gen_v8_4_4_inst , A write address: 0, B  read address: 0
blk_mem_gen_v8_4_4 collision detected at time: 215730000, Instance: tb_top.u_top.u_PFT.\genblk1[4].PFT_bank .inst.\native_mem_module.blk_mem_gen_v8_4_4_inst , A write address: 0, B  read address: 0
blk_mem_gen_v8_4_4 collision detected at time: 215852000, Instance: tb_top.u_top.u_PFT.\genblk1[5].PFT_bank .inst.\native_mem_module.blk_mem_gen_v8_4_4_inst , A write address: 1d, B  read address: 1d
blk_mem_gen_v8_4_4 collision detected at time: 215878000, Instance: tb_top.u_top.u_PFT.\genblk1[6].PFT_bank .inst.\native_mem_module.blk_mem_gen_v8_4_4_inst , A write address: a, B  read address: a
blk_mem_gen_v8_4_4 collision detected at time: 215954000, Instance: tb_top.u_top.u_PFT.\genblk1[7].PFT_bank .inst.\native_mem_module.blk_mem_gen_v8_4_4_inst , A write address: 10, B  read address: 10
blk_mem_gen_v8_4_4 collision detected at time: 216044000, Instance: tb_top.u_top.u_PFT.\genblk1[8].PFT_bank .inst.\native_mem_module.blk_mem_gen_v8_4_4_inst , A write address: 1d, B  read address: 1d
blk_mem_gen_v8_4_4 collision detected at time: 216050000, Instance: tb_top.u_top.u_PFT.\genblk1[9].PFT_bank .inst.\native_mem_module.blk_mem_gen_v8_4_4_inst , A write address: 0, B  read address: 0
blk_mem_gen_v8_4_4 collision detected at time: 216122000, Instance: tb_top.u_top.u_PFT.\genblk1[10].PFT_bank .inst.\native_mem_module.blk_mem_gen_v8_4_4_inst , A write address: 4, B  read address: 4
blk_mem_gen_v8_4_4 collision detected at time: 216232000, Instance: tb_top.u_top.u_PFT.\genblk1[11].PFT_bank .inst.\native_mem_module.blk_mem_gen_v8_4_4_inst , A write address: 1b, B  read address: 1b
blk_mem_gen_v8_4_4 collision detected at time: 216300000, Instance: tb_top.u_top.u_PFT.\genblk1[12].PFT_bank .inst.\native_mem_module.blk_mem_gen_v8_4_4_inst , A write address: 1d, B  read address: 1d
blk_mem_gen_v8_4_4 collision detected at time: 216310000, Instance: tb_top.u_top.u_PFT.\genblk1[13].PFT_bank .inst.\native_mem_module.blk_mem_gen_v8_4_4_inst , A write address: 2, B  read address: 2
blk_mem_gen_v8_4_4 collision detected at time: 216412000, Instance: tb_top.u_top.u_PFT.\genblk1[14].PFT_bank .inst.\native_mem_module.blk_mem_gen_v8_4_4_inst , A write address: 15, B  read address: 15
blk_mem_gen_v8_4_4 collision detected at time: 216484000, Instance: tb_top.u_top.u_PFT.\genblk1[15].PFT_bank .inst.\native_mem_module.blk_mem_gen_v8_4_4_inst , A write address: 19, B  read address: 19
blk_mem_gen_v8_4_4 collision detected at time: 216512000, Instance: tb_top.u_top.u_PFT.\genblk1[16].PFT_bank .inst.\native_mem_module.blk_mem_gen_v8_4_4_inst , A write address: 7, B  read address: 7
blk_mem_gen_v8_4_4 collision detected at time: 216566000, Instance: tb_top.u_top.u_PFT.\genblk1[17].PFT_bank .inst.\native_mem_module.blk_mem_gen_v8_4_4_inst , A write address: 2, B  read address: 2
blk_mem_gen_v8_4_4 collision detected at time: 216684000, Instance: tb_top.u_top.u_PFT.\genblk1[18].PFT_bank .inst.\native_mem_module.blk_mem_gen_v8_4_4_inst , A write address: 1d, B  read address: 1d
blk_mem_gen_v8_4_4 collision detected at time: 216722000, Instance: tb_top.u_top.u_PFT.\genblk1[19].PFT_bank .inst.\native_mem_module.blk_mem_gen_v8_4_4_inst , A write address: 10, B  read address: 10
blk_mem_gen_v8_4_4 collision detected at time: 216764000, Instance: tb_top.u_top.u_PFT.\genblk1[20].PFT_bank .inst.\native_mem_module.blk_mem_gen_v8_4_4_inst , A write address: 5, B  read address: 5
blk_mem_gen_v8_4_4 collision detected at time: 216870000, Instance: tb_top.u_top.u_PFT.\genblk1[21].PFT_bank .inst.\native_mem_module.blk_mem_gen_v8_4_4_inst , A write address: 1a, B  read address: 1a
blk_mem_gen_v8_4_4 collision detected at time: 216942000, Instance: tb_top.u_top.u_PFT.\genblk1[22].PFT_bank .inst.\native_mem_module.blk_mem_gen_v8_4_4_inst , A write address: 1e, B  read address: 1e
blk_mem_gen_v8_4_4 collision detected at time: 216948000, Instance: tb_top.u_top.u_PFT.\genblk1[23].PFT_bank .inst.\native_mem_module.blk_mem_gen_v8_4_4_inst , A write address: 1, B  read address: 1
blk_mem_gen_v8_4_4 collision detected at time: 217034000, Instance: tb_top.u_top.u_PFT.\genblk1[24].PFT_bank .inst.\native_mem_module.blk_mem_gen_v8_4_4_inst , A write address: c, B  read address: c
blk_mem_gen_v8_4_4 collision detected at time: 217086000, Instance: tb_top.u_top.u_PFT.\genblk1[25].PFT_bank .inst.\native_mem_module.blk_mem_gen_v8_4_4_inst , A write address: 6, B  read address: 6
blk_mem_gen_v8_4_4 collision detected at time: 217164000, Instance: tb_top.u_top.u_PFT.\genblk1[26].PFT_bank .inst.\native_mem_module.blk_mem_gen_v8_4_4_inst , A write address: d, B  read address: d
blk_mem_gen_v8_4_4 collision detected at time: 217202000, Instance: tb_top.u_top.u_PFT.\genblk1[27].PFT_bank .inst.\native_mem_module.blk_mem_gen_v8_4_4_inst , A write address: 0, B  read address: 0
blk_mem_gen_v8_4_4 collision detected at time: 217268000, Instance: tb_top.u_top.u_PFT.\genblk1[28].PFT_bank .inst.\native_mem_module.blk_mem_gen_v8_4_4_inst , A write address: 1, B  read address: 1
blk_mem_gen_v8_4_4 collision detected at time: 217330000, Instance: tb_top.u_top.u_PFT.\genblk1[29].PFT_bank .inst.\native_mem_module.blk_mem_gen_v8_4_4_inst , A write address: 0, B  read address: 0
blk_mem_gen_v8_4_4 collision detected at time: 217448000, Instance: tb_top.u_top.u_PFT.\genblk1[30].PFT_bank .inst.\native_mem_module.blk_mem_gen_v8_4_4_inst , A write address: 1b, B  read address: 1b
blk_mem_gen_v8_4_4 collision detected at time: 217496000, Instance: tb_top.u_top.u_PFT.\genblk1[31].PFT_bank .inst.\native_mem_module.blk_mem_gen_v8_4_4_inst , A write address: 13, B  read address: 13
$finish called at time : 227790 ns : File "C:/Users/catch/Desktop/project_max16/project.srcs/sim_1/new/tb_top.v" Line 153
