Copyright 1986-2020 Xilinx, Inc. All Rights Reserved.
------------------------------------------------------------------------------------
| Tool Version : Vivado v.2020.1 (lin64) Build 2902540 Wed May 27 19:54:35 MDT 2020
| Date         : Wed May 11 17:34:55 2022
| Host         : comparch.snu.ac.kr running 64-bit unknown
| Command      : upgrade_ip
| Device       : xc7a200tfbg676-2
------------------------------------------------------------------------------------

Upgrade Log for IP 'PFT_partial_bram'

1. Summary
----------

SUCCESS in the conversion of PFT_partial_bram (xilinx.com:ip:blk_mem_gen:8.4 (Rev. 4)) to Vivado generation flows.






Copyright 1986-2020 Xilinx, Inc. All Rights Reserved.
------------------------------------------------------------------------------------
| Tool Version : Vivado v.2020.1 (lin64) Build 2902540 Wed May 27 19:54:35 MDT 2020
| Date         : Wed May 11 17:34:50 2022
| Host         : comparch.snu.ac.kr running 64-bit unknown
| Command      : upgrade_ip
| Device       : xc7a200tfbg676-2
------------------------------------------------------------------------------------

Upgrade Log for IP 'NIT_bram'

1. Summary
----------

SUCCESS in the conversion of NIT_bram (xilinx.com:ip:blk_mem_gen:8.4 (Rev. 4)) to Vivado generation flows.






Copyright 1986-2020 Xilinx, Inc. All Rights Reserved.
------------------------------------------------------------------------------------
| Tool Version : Vivado v.2020.1 (lin64) Build 2902540 Wed May 27 19:54:35 MDT 2020
| Date         : Wed May 11 17:34:43 2022
| Host         : comparch.snu.ac.kr running 64-bit unknown
| Command      : upgrade_ip
| Device       : xc7a200tfbg676-2
------------------------------------------------------------------------------------

Upgrade Log for IP 'output_bram'

1. Summary
----------

SUCCESS in the conversion of output_bram (xilinx.com:ip:blk_mem_gen:8.4 (Rev. 4)) to Vivado generation flows.






Copyright 1986-2020 Xilinx, Inc. All Rights Reserved.
------------------------------------------------------------------------------------
| Tool Version : Vivado v.2020.1 (lin64) Build 2902540 Wed May 27 19:54:35 MDT 2020
| Date         : Wed May 11 17:34:39 2022
| Host         : comparch.snu.ac.kr running 64-bit unknown
| Command      : upgrade_ip
| Device       : xc7a200tfbg676-2
------------------------------------------------------------------------------------

Upgrade Log for IP 'weight_bram'

1. Summary
----------

SUCCESS in the conversion of weight_bram (xilinx.com:ip:blk_mem_gen:8.4 (Rev. 4)) to Vivado generation flows.






Copyright 1986-2020 Xilinx, Inc. All Rights Reserved.
------------------------------------------------------------------------------------
| Tool Version : Vivado v.2020.1 (lin64) Build 2902540 Wed May 27 19:54:35 MDT 2020
| Date         : Wed May 11 17:34:34 2022
| Host         : comparch.snu.ac.kr running 64-bit unknown
| Command      : upgrade_ip
| Device       : xc7a200tfbg676-2
------------------------------------------------------------------------------------

Upgrade Log for IP 'input_bram'

1. Summary
----------

SUCCESS in the conversion of input_bram (xilinx.com:ip:blk_mem_gen:8.4 (Rev. 4)) to Vivado generation flows.






Copyright 1986-2020 Xilinx, Inc. All Rights Reserved.
------------------------------------------------------------------------------------
| Tool Version : Vivado v.2020.1 (lin64) Build 2902540 Wed May 27 19:54:35 MDT 2020
| Date         : Wed May 11 12:59:01 2022
| Host         : comparch.snu.ac.kr running 64-bit unknown
| Command      : upgrade_ip
| Device       : xc7a200tffg1156-3
------------------------------------------------------------------------------------

Upgrade Log for IP 'output_bram'

1. Summary
----------

SUCCESS in the conversion of output_bram (xilinx.com:ip:blk_mem_gen:8.4 (Rev. 4)) to Vivado generation flows.






Copyright 1986-2020 Xilinx, Inc. All Rights Reserved.
------------------------------------------------------------------------------------
| Tool Version : Vivado v.2020.1 (lin64) Build 2902540 Wed May 27 19:54:35 MDT 2020
| Date         : Wed May 11 12:58:54 2022
| Host         : comparch.snu.ac.kr running 64-bit unknown
| Command      : upgrade_ip
| Device       : xc7a200tffg1156-3
------------------------------------------------------------------------------------

Upgrade Log for IP 'weight_bram'

1. Summary
----------

SUCCESS in the conversion of weight_bram (xilinx.com:ip:blk_mem_gen:8.4 (Rev. 4)) to Vivado generation flows.






Copyright 1986-2020 Xilinx, Inc. All Rights Reserved.
------------------------------------------------------------------------------------
| Tool Version : Vivado v.2020.1 (lin64) Build 2902540 Wed May 27 19:54:35 MDT 2020
| Date         : Wed May 11 12:58:49 2022
| Host         : comparch.snu.ac.kr running 64-bit unknown
| Command      : upgrade_ip
| Device       : xc7a200tffg1156-3
------------------------------------------------------------------------------------

Upgrade Log for IP 'input_bram'

1. Summary
----------

SUCCESS in the conversion of input_bram (xilinx.com:ip:blk_mem_gen:8.4 (Rev. 4)) to Vivado generation flows.






Copyright 1986-2020 Xilinx, Inc. All Rights Reserved.
------------------------------------------------------------------------------------
| Tool Version : Vivado v.2020.1 (lin64) Build 2902540 Wed May 27 19:54:35 MDT 2020
| Date         : Wed May 11 12:58:32 2022
| Host         : comparch.snu.ac.kr running 64-bit unknown
| Command      : upgrade_ip
| Device       : xc7a200tffg1156-3
------------------------------------------------------------------------------------

Upgrade Log for IP 'PFT_partial_bram'

1. Summary
----------

SUCCESS in the conversion of PFT_partial_bram (xilinx.com:ip:blk_mem_gen:8.4 (Rev. 4)) to Vivado generation flows.






Copyright 1986-2020 Xilinx, Inc. All Rights Reserved.
------------------------------------------------------------------------------------
| Tool Version : Vivado v.2020.1 (lin64) Build 2902540 Wed May 27 19:54:35 MDT 2020
| Date         : Wed May 11 12:58:22 2022
| Host         : comparch.snu.ac.kr running 64-bit unknown
| Command      : upgrade_ip
| Device       : xc7a200tffg1156-3
------------------------------------------------------------------------------------

Upgrade Log for IP 'NIT_bram'

1. Summary
----------

SUCCESS in the conversion of NIT_bram (xilinx.com:ip:blk_mem_gen:8.4 (Rev. 4)) to Vivado generation flows.

