#-----------------------------------------------------------
# Vivado v2021.1 (64-bit)
# SW Build 3247384 on Thu Jun 10 19:36:33 MDT 2021
# IP Build 3246043 on Fri Jun 11 00:30:35 MDT 2021
# Start of session at: Mon May  9 12:27:05 2022
# Process ID: 23760
# Current directory: C:/Users/catch/Desktop/project_max16/build
# Command line: vivado.exe -gui_launcher_event rodinguilauncherevent14220 C:\Users\catch\Desktop\project_max16\build\project.xpr
# Log file: C:/Users/catch/Desktop/project_max16/build/vivado.log
# Journal file: C:/Users/catch/Desktop/project_max16/build\vivado.jou
#-----------------------------------------------------------
start_gui
open_project C:/Users/catch/Desktop/project_max16/build/project.xpr
INFO: [Project 1-313] Project file moved from 'C:/Users/catch/Desktop/project_max16' since last save.
CRITICAL WARNING: [Project 1-311] Could not find the file 'C:/Users/catch/Desktop/project_max16/build/project.srcs/sources_1/new/PE.v', nor could it be found using path 'C:/Users/catch/Desktop/project_max16/project.srcs/sources_1/new/PE.v'.
CRITICAL WARNING: [Project 1-311] Could not find the file 'C:/Users/catch/Desktop/project_max16/build/project.srcs/sources_1/new/PFT_bram.v', nor could it be found using path 'C:/Users/catch/Desktop/project_max16/project.srcs/sources_1/new/PFT_bram.v'.
CRITICAL WARNING: [Project 1-311] Could not find the file 'C:/Users/catch/Desktop/project_max16/build/project.srcs/sources_1/new/address_generator.v', nor could it be found using path 'C:/Users/catch/Desktop/project_max16/project.srcs/sources_1/new/address_generator.v'.
CRITICAL WARNING: [Project 1-311] Could not find the file 'C:/Users/catch/Desktop/project_max16/build/project.srcs/sources_1/new/controller.v', nor could it be found using path 'C:/Users/catch/Desktop/project_max16/project.srcs/sources_1/new/controller.v'.
CRITICAL WARNING: [Project 1-311] Could not find the file 'C:/Users/catch/Desktop/project_max16/build/project.srcs/sources_1/new/delay_unit.v', nor could it be found using path 'C:/Users/catch/Desktop/project_max16/project.srcs/sources_1/new/delay_unit.v'.
CRITICAL WARNING: [Project 1-311] Could not find the file 'C:/Users/catch/Desktop/project_max16/build/project.srcs/sources_1/new/encoder32x5.v', nor could it be found using path 'C:/Users/catch/Desktop/project_max16/project.srcs/sources_1/new/encoder32x5.v'.
CRITICAL WARNING: [Project 1-311] Could not find the file 'C:/Users/catch/Desktop/project_max16/build/project.srcs/sources_1/new/global_buffer.v', nor could it be found using path 'C:/Users/catch/Desktop/project_max16/project.srcs/sources_1/new/global_buffer.v'.
CRITICAL WARNING: [Project 1-311] Could not find the file 'C:/Users/catch/Desktop/project_max16/build/project.srcs/sources_1/new/max_module32.v', nor could it be found using path 'C:/Users/catch/Desktop/project_max16/project.srcs/sources_1/new/max_module32.v'.
CRITICAL WARNING: [Project 1-311] Could not find the file 'C:/Users/catch/Desktop/project_max16/build/project.srcs/sources_1/new/max_operator.v', nor could it be found using path 'C:/Users/catch/Desktop/project_max16/project.srcs/sources_1/new/max_operator.v'.
CRITICAL WARNING: [Project 1-311] Could not find the file 'C:/Users/catch/Desktop/project_max16/build/project.srcs/sources_1/new/microaddr_generator.v', nor could it be found using path 'C:/Users/catch/Desktop/project_max16/project.srcs/sources_1/new/microaddr_generator.v'.
CRITICAL WARNING: [Project 1-311] Could not find the file 'C:/Users/catch/Desktop/project_max16/build/project.srcs/sources_1/new/shift_register.v', nor could it be found using path 'C:/Users/catch/Desktop/project_max16/project.srcs/sources_1/new/shift_register.v'.
CRITICAL WARNING: [Project 1-311] Could not find the file 'C:/Users/catch/Desktop/project_max16/build/project.srcs/sources_1/new/subtract_module32.v', nor could it be found using path 'C:/Users/catch/Desktop/project_max16/project.srcs/sources_1/new/subtract_module32.v'.
CRITICAL WARNING: [Project 1-311] Could not find the file 'C:/Users/catch/Desktop/project_max16/build/project.srcs/sources_1/new/subtract_operator.v', nor could it be found using path 'C:/Users/catch/Desktop/project_max16/project.srcs/sources_1/new/subtract_operator.v'.
CRITICAL WARNING: [Project 1-311] Could not find the file 'C:/Users/catch/Desktop/project_max16/build/project.srcs/sources_1/new/systolic.v', nor could it be found using path 'C:/Users/catch/Desktop/project_max16/project.srcs/sources_1/new/systolic.v'.
CRITICAL WARNING: [Project 1-311] Could not find the file 'C:/Users/catch/Desktop/project_max16/build/project.srcs/sources_1/new/systolic_controller.v', nor could it be found using path 'C:/Users/catch/Desktop/project_max16/project.srcs/sources_1/new/systolic_controller.v'.
CRITICAL WARNING: [Project 1-311] Could not find the file 'C:/Users/catch/Desktop/project_max16/build/project.srcs/sources_1/new/systolic_input_buffer.v', nor could it be found using path 'C:/Users/catch/Desktop/project_max16/project.srcs/sources_1/new/systolic_input_buffer.v'.
CRITICAL WARNING: [Project 1-311] Could not find the file 'C:/Users/catch/Desktop/project_max16/build/project.srcs/sources_1/new/systolic_output_buffer.v', nor could it be found using path 'C:/Users/catch/Desktop/project_max16/project.srcs/sources_1/new/systolic_output_buffer.v'.
CRITICAL WARNING: [Project 1-311] Could not find the file 'C:/Users/catch/Desktop/project_max16/build/project.srcs/sources_1/new/systolic_row.v', nor could it be found using path 'C:/Users/catch/Desktop/project_max16/project.srcs/sources_1/new/systolic_row.v'.
CRITICAL WARNING: [Project 1-311] Could not find the file 'C:/Users/catch/Desktop/project_max16/build/project.srcs/sources_1/new/valid_generator32.v', nor could it be found using path 'C:/Users/catch/Desktop/project_max16/project.srcs/sources_1/new/valid_generator32.v'.
CRITICAL WARNING: [Project 1-311] Could not find the file 'C:/Users/catch/Desktop/project_max16/build/project.srcs/sources_1/new/top.v', nor could it be found using path 'C:/Users/catch/Desktop/project_max16/project.srcs/sources_1/new/top.v'.
CRITICAL WARNING: [Project 1-311] Could not find the file 'C:/Users/catch/Desktop/project_max16/build/project.srcs/sources_1/new/simple_sram.v', nor could it be found using path 'C:/Users/catch/Desktop/project_max16/project.srcs/sources_1/new/simple_sram.v'.
CRITICAL WARNING: [Project 1-311] Could not find the file 'C:/Users/catch/Desktop/project_max16/build/project.srcs/sources_1/new/PFT.v', nor could it be found using path 'C:/Users/catch/Desktop/project_max16/project.srcs/sources_1/new/PFT.v'.
CRITICAL WARNING: [Project 1-311] Could not find the file 'C:/Users/catch/Desktop/project_max16/build/project.srcs/sources_1/new/decoder5x32.v', nor could it be found using path 'C:/Users/catch/Desktop/project_max16/project.srcs/sources_1/new/decoder5x32.v'.
CRITICAL WARNING: [Project 1-311] Could not find the file 'C:/Users/catch/Desktop/project_max16/build/project.srcs/sources_1/new/line_buffer.v', nor could it be found using path 'C:/Users/catch/Desktop/project_max16/project.srcs/sources_1/new/line_buffer.v'.
CRITICAL WARNING: [Project 1-311] Could not find the file 'C:/Users/catch/Desktop/project_max16/build/project.srcs/sources_1/new/simple_sram2.v', nor could it be found using path 'C:/Users/catch/Desktop/project_max16/project.srcs/sources_1/new/simple_sram2.v'.
CRITICAL WARNING: [Project 1-311] Could not find the file 'C:/Users/catch/Desktop/project_max16/build/project.srcs/sim_1/new/tb_top.v', nor could it be found using path 'C:/Users/catch/Desktop/project_max16/project.srcs/sim_1/new/tb_top.v'.
CRITICAL WARNING: [Project 1-311] Could not find the file 'C:/Users/catch/Desktop/project_max16/build/project.srcs/sim_1/new/tb_controls.v', nor could it be found using path 'C:/Users/catch/Desktop/project_max16/project.srcs/sim_1/new/tb_controls.v'.
CRITICAL WARNING: [Project 1-311] Could not find the file 'C:/Users/catch/Desktop/project_max16/build/project.srcs/sim_1/new/tb_NIT.v', nor could it be found using path 'C:/Users/catch/Desktop/project_max16/project.srcs/sim_1/new/tb_NIT.v'.
CRITICAL WARNING: [Project 1-311] Could not find the file 'C:/Users/catch/Desktop/project_max16/build/project.srcs/sim_1/new/tb_controller.v', nor could it be found using path 'C:/Users/catch/Desktop/project_max16/project.srcs/sim_1/new/tb_controller.v'.
CRITICAL WARNING: [Project 1-311] Could not find the file 'C:/Users/catch/Desktop/project_max16/build/project.srcs/sim_1/new/tb_systolic_controller.v', nor could it be found using path 'C:/Users/catch/Desktop/project_max16/project.srcs/sim_1/new/tb_systolic_controller.v'.
CRITICAL WARNING: [Project 1-311] Could not find the file 'C:/Users/catch/Desktop/project_max16/build/project.srcs/sim_1/new/tb_systolic_short.v', nor could it be found using path 'C:/Users/catch/Desktop/project_max16/project.srcs/sim_1/new/tb_systolic_short.v'.
CRITICAL WARNING: [Project 1-311] Could not find the file 'C:/Users/catch/Desktop/project_max16/build/project.srcs/sim_1/new/tb_systolic_short_sram.v', nor could it be found using path 'C:/Users/catch/Desktop/project_max16/project.srcs/sim_1/new/tb_systolic_short_sram.v'.
CRITICAL WARNING: [Project 1-311] Could not find the file 'C:/Users/catch/Desktop/project_max16/build/project.srcs/sim_1/new/tb_sram.v', nor could it be found using path 'C:/Users/catch/Desktop/project_max16/project.srcs/sim_1/new/tb_sram.v'.
CRITICAL WARNING: [Project 1-311] Could not find the file 'C:/Users/catch/Desktop/project_max16/build/project.srcs/sim_1/new/tb_systolic_output_buffer.v', nor could it be found using path 'C:/Users/catch/Desktop/project_max16/project.srcs/sim_1/new/tb_systolic_output_buffer.v'.
CRITICAL WARNING: [Project 1-311] Could not find the file 'C:/Users/catch/Desktop/project_max16/build/project.srcs/sim_1/new/tb_systolic_input_buffer.v', nor could it be found using path 'C:/Users/catch/Desktop/project_max16/project.srcs/sim_1/new/tb_systolic_input_buffer.v'.
WARNING: [Project 1-312] File not found as 'C:/Users/catch/Desktop/project_max16/build/data/sram_input.txt'; using path 'C:/Users/catch/Desktop/project_max16/data/sram_input.txt' instead.
WARNING: [Project 1-312] File not found as 'C:/Users/catch/Desktop/project_max16/build/data/systolic_short_sram_weight.txt'; using path 'C:/Users/catch/Desktop/project_max16/data/systolic_short_sram_weight.txt' instead.
WARNING: [Project 1-312] File not found as 'C:/Users/catch/Desktop/project_max16/build/data/systolic_short_sram_input.txt'; using path 'C:/Users/catch/Desktop/project_max16/data/systolic_short_sram_input.txt' instead.
CRITICAL WARNING: [Project 1-311] Could not find the file 'C:/Users/catch/Desktop/project_max16/build/project.srcs/sim_1/new/tb_AU.v', nor could it be found using path 'C:/Users/catch/Desktop/project_max16/project.srcs/sim_1/new/tb_AU.v'.
WARNING: [Project 1-312] File not found as 'C:/Users/catch/Desktop/project_max16/build/data/NIT_input.txt'; using path 'C:/Users/catch/Desktop/project_max16/data/NIT_input.txt' instead.
WARNING: [Project 1-312] File not found as 'C:/Users/catch/Desktop/project_max16/build/data/PFT_input.txt'; using path 'C:/Users/catch/Desktop/project_max16/data/PFT_input.txt' instead.
WARNING: [Project 1-312] File not found as 'C:/Users/catch/Desktop/project_max16/build/data/systolic_long_input.txt'; using path 'C:/Users/catch/Desktop/project_max16/data/systolic_long_input.txt' instead.
WARNING: [Project 1-312] File not found as 'C:/Users/catch/Desktop/project_max16/build/data/systolic_long_weight.txt'; using path 'C:/Users/catch/Desktop/project_max16/data/systolic_long_weight.txt' instead.
WARNING: [Project 1-312] File not found as 'C:/Users/catch/Desktop/project_max16/build/data/Top_NIT.txt'; using path 'C:/Users/catch/Desktop/project_max16/data/Top_NIT.txt' instead.
WARNING: [Project 1-312] File not found as 'C:/Users/catch/Desktop/project_max16/build/data/Top_GB_weight.txt'; using path 'C:/Users/catch/Desktop/project_max16/data/Top_GB_weight.txt' instead.
WARNING: [Project 1-312] File not found as 'C:/Users/catch/Desktop/project_max16/build/data/Top_GB_input.txt'; using path 'C:/Users/catch/Desktop/project_max16/data/Top_GB_input.txt' instead.
Scanning sources...
Finished scanning sources
INFO: [IP_Flow 19-234] Refreshing IP repositories
INFO: [IP_Flow 19-1704] No user IP repositories specified
INFO: [IP_Flow 19-2313] Loaded Vivado IP repository 'C:/Xilinx/Vivado/2021.1/data/ip'.
open_project: Time (s): cpu = 00:00:37 ; elapsed = 00:00:17 . Memory (MB): peak = 1136.379 ; gain = 0.000
update_compile_order -fileset sources_1
update_compile_order -fileset sim_1
set_property source_mgmt_mode DisplayOnly [current_project]
export_ip_user_files -of_objects  [get_files C:/Users/catch/Desktop/project_max16/build/project.srcs/sources_1/new/PE.v] -no_script -reset -force -quiet
export_ip_user_files -of_objects  [get_files C:/Users/catch/Desktop/project_max16/build/project.srcs/sources_1/new/PFT.v] -no_script -reset -force -quiet
export_ip_user_files -of_objects  [get_files C:/Users/catch/Desktop/project_max16/build/project.srcs/sources_1/new/PFT_bram.v] -no_script -reset -force -quiet
export_ip_user_files -of_objects  [get_files C:/Users/catch/Desktop/project_max16/build/project.srcs/sources_1/new/address_generator.v] -no_script -reset -force -quiet
export_ip_user_files -of_objects  [get_files C:/Users/catch/Desktop/project_max16/build/project.srcs/sources_1/new/controller.v] -no_script -reset -force -quiet
export_ip_user_files -of_objects  [get_files C:/Users/catch/Desktop/project_max16/build/project.srcs/sources_1/new/decoder5x32.v] -no_script -reset -force -quiet
export_ip_user_files -of_objects  [get_files C:/Users/catch/Desktop/project_max16/build/project.srcs/sources_1/new/delay_unit.v] -no_script -reset -force -quiet
export_ip_user_files -of_objects  [get_files C:/Users/catch/Desktop/project_max16/build/project.srcs/sources_1/new/encoder32x5.v] -no_script -reset -force -quiet
export_ip_user_files -of_objects  [get_files C:/Users/catch/Desktop/project_max16/build/project.srcs/sources_1/new/global_buffer.v] -no_script -reset -force -quiet
export_ip_user_files -of_objects  [get_files C:/Users/catch/Desktop/project_max16/build/project.srcs/sources_1/new/line_buffer.v] -no_script -reset -force -quiet
export_ip_user_files -of_objects  [get_files C:/Users/catch/Desktop/project_max16/build/project.srcs/sources_1/new/max_module32.v] -no_script -reset -force -quiet
export_ip_user_files -of_objects  [get_files C:/Users/catch/Desktop/project_max16/build/project.srcs/sources_1/new/max_operator.v] -no_script -reset -force -quiet
export_ip_user_files -of_objects  [get_files C:/Users/catch/Desktop/project_max16/build/project.srcs/sources_1/new/microaddr_generator.v] -no_script -reset -force -quiet
export_ip_user_files -of_objects  [get_files C:/Users/catch/Desktop/project_max16/build/project.srcs/sources_1/new/shift_register.v] -no_script -reset -force -quiet
export_ip_user_files -of_objects  [get_files C:/Users/catch/Desktop/project_max16/build/project.srcs/sources_1/new/simple_sram.v] -no_script -reset -force -quiet
export_ip_user_files -of_objects  [get_files C:/Users/catch/Desktop/project_max16/build/project.srcs/sources_1/new/simple_sram2.v] -no_script -reset -force -quiet
export_ip_user_files -of_objects  [get_files C:/Users/catch/Desktop/project_max16/build/project.srcs/sources_1/new/subtract_module32.v] -no_script -reset -force -quiet
export_ip_user_files -of_objects  [get_files C:/Users/catch/Desktop/project_max16/build/project.srcs/sources_1/new/subtract_operator.v] -no_script -reset -force -quiet
export_ip_user_files -of_objects  [get_files C:/Users/catch/Desktop/project_max16/build/project.srcs/sources_1/new/systolic.v] -no_script -reset -force -quiet
export_ip_user_files -of_objects  [get_files C:/Users/catch/Desktop/project_max16/build/project.srcs/sources_1/new/systolic_controller.v] -no_script -reset -force -quiet
export_ip_user_files -of_objects  [get_files C:/Users/catch/Desktop/project_max16/build/project.srcs/sources_1/new/systolic_input_buffer.v] -no_script -reset -force -quiet
export_ip_user_files -of_objects  [get_files C:/Users/catch/Desktop/project_max16/build/project.srcs/sources_1/new/systolic_output_buffer.v] -no_script -reset -force -quiet
export_ip_user_files -of_objects  [get_files C:/Users/catch/Desktop/project_max16/build/project.srcs/sources_1/new/systolic_row.v] -no_script -reset -force -quiet
export_ip_user_files -of_objects  [get_files C:/Users/catch/Desktop/project_max16/build/project.srcs/sources_1/new/top.v] -no_script -reset -force -quiet
export_ip_user_files -of_objects  [get_files C:/Users/catch/Desktop/project_max16/build/project.srcs/sources_1/new/valid_generator32.v] -no_script -reset -force -quiet
remove_files  {C:/Users/catch/Desktop/project_max16/build/project.srcs/sources_1/new/PE.v C:/Users/catch/Desktop/project_max16/build/project.srcs/sources_1/new/PFT.v C:/Users/catch/Desktop/project_max16/build/project.srcs/sources_1/new/PFT_bram.v C:/Users/catch/Desktop/project_max16/build/project.srcs/sources_1/new/address_generator.v C:/Users/catch/Desktop/project_max16/build/project.srcs/sources_1/new/controller.v C:/Users/catch/Desktop/project_max16/build/project.srcs/sources_1/new/decoder5x32.v C:/Users/catch/Desktop/project_max16/build/project.srcs/sources_1/new/delay_unit.v C:/Users/catch/Desktop/project_max16/build/project.srcs/sources_1/new/encoder32x5.v C:/Users/catch/Desktop/project_max16/build/project.srcs/sources_1/new/global_buffer.v C:/Users/catch/Desktop/project_max16/build/project.srcs/sources_1/new/line_buffer.v C:/Users/catch/Desktop/project_max16/build/project.srcs/sources_1/new/max_module32.v C:/Users/catch/Desktop/project_max16/build/project.srcs/sources_1/new/max_operator.v C:/Users/catch/Desktop/project_max16/build/project.srcs/sources_1/new/microaddr_generator.v C:/Users/catch/Desktop/project_max16/build/project.srcs/sources_1/new/shift_register.v C:/Users/catch/Desktop/project_max16/build/project.srcs/sources_1/new/simple_sram.v C:/Users/catch/Desktop/project_max16/build/project.srcs/sources_1/new/simple_sram2.v C:/Users/catch/Desktop/project_max16/build/project.srcs/sources_1/new/subtract_module32.v C:/Users/catch/Desktop/project_max16/build/project.srcs/sources_1/new/subtract_operator.v C:/Users/catch/Desktop/project_max16/build/project.srcs/sources_1/new/systolic.v C:/Users/catch/Desktop/project_max16/build/project.srcs/sources_1/new/systolic_controller.v C:/Users/catch/Desktop/project_max16/build/project.srcs/sources_1/new/systolic_input_buffer.v C:/Users/catch/Desktop/project_max16/build/project.srcs/sources_1/new/systolic_output_buffer.v C:/Users/catch/Desktop/project_max16/build/project.srcs/sources_1/new/systolic_row.v C:/Users/catch/Desktop/project_max16/build/project.srcs/sources_1/new/top.v C:/Users/catch/Desktop/project_max16/build/project.srcs/sources_1/new/valid_generator32.v}
export_ip_user_files -of_objects  [get_files C:/Users/catch/Desktop/project_max16/build/project.srcs/sim_1/new/tb_AU.v] -no_script -reset -force -quiet
export_ip_user_files -of_objects  [get_files C:/Users/catch/Desktop/project_max16/build/project.srcs/sim_1/new/tb_NIT.v] -no_script -reset -force -quiet
export_ip_user_files -of_objects  [get_files C:/Users/catch/Desktop/project_max16/build/project.srcs/sim_1/new/tb_controller.v] -no_script -reset -force -quiet
export_ip_user_files -of_objects  [get_files C:/Users/catch/Desktop/project_max16/build/project.srcs/sim_1/new/tb_controls.v] -no_script -reset -force -quiet
export_ip_user_files -of_objects  [get_files C:/Users/catch/Desktop/project_max16/build/project.srcs/sim_1/new/tb_sram.v] -no_script -reset -force -quiet
export_ip_user_files -of_objects  [get_files C:/Users/catch/Desktop/project_max16/build/project.srcs/sim_1/new/tb_systolic_controller.v] -no_script -reset -force -quiet
export_ip_user_files -of_objects  [get_files C:/Users/catch/Desktop/project_max16/build/project.srcs/sim_1/new/tb_systolic_input_buffer.v] -no_script -reset -force -quiet
export_ip_user_files -of_objects  [get_files C:/Users/catch/Desktop/project_max16/build/project.srcs/sim_1/new/tb_systolic_output_buffer.v] -no_script -reset -force -quiet
export_ip_user_files -of_objects  [get_files C:/Users/catch/Desktop/project_max16/build/project.srcs/sim_1/new/tb_systolic_short.v] -no_script -reset -force -quiet
export_ip_user_files -of_objects  [get_files C:/Users/catch/Desktop/project_max16/build/project.srcs/sim_1/new/tb_systolic_short_sram.v] -no_script -reset -force -quiet
export_ip_user_files -of_objects  [get_files C:/Users/catch/Desktop/project_max16/build/project.srcs/sim_1/new/tb_top.v] -no_script -reset -force -quiet
remove_files  -fileset sim_1 {C:/Users/catch/Desktop/project_max16/build/project.srcs/sim_1/new/tb_AU.v C:/Users/catch/Desktop/project_max16/build/project.srcs/sim_1/new/tb_NIT.v C:/Users/catch/Desktop/project_max16/build/project.srcs/sim_1/new/tb_controller.v C:/Users/catch/Desktop/project_max16/build/project.srcs/sim_1/new/tb_controls.v C:/Users/catch/Desktop/project_max16/build/project.srcs/sim_1/new/tb_sram.v C:/Users/catch/Desktop/project_max16/build/project.srcs/sim_1/new/tb_systolic_controller.v C:/Users/catch/Desktop/project_max16/build/project.srcs/sim_1/new/tb_systolic_input_buffer.v C:/Users/catch/Desktop/project_max16/build/project.srcs/sim_1/new/tb_systolic_output_buffer.v C:/Users/catch/Desktop/project_max16/build/project.srcs/sim_1/new/tb_systolic_short.v C:/Users/catch/Desktop/project_max16/build/project.srcs/sim_1/new/tb_systolic_short_sram.v C:/Users/catch/Desktop/project_max16/build/project.srcs/sim_1/new/tb_top.v}
export_ip_user_files -of_objects  [get_files C:/Users/catch/Desktop/project_max16/data/NIT_input.txt] -no_script -reset -force -quiet
export_ip_user_files -of_objects  [get_files C:/Users/catch/Desktop/project_max16/data/PFT_input.txt] -no_script -reset -force -quiet
export_ip_user_files -of_objects  [get_files C:/Users/catch/Desktop/project_max16/data/Top_GB_input.txt] -no_script -reset -force -quiet
export_ip_user_files -of_objects  [get_files C:/Users/catch/Desktop/project_max16/data/Top_GB_weight.txt] -no_script -reset -force -quiet
export_ip_user_files -of_objects  [get_files C:/Users/catch/Desktop/project_max16/data/Top_NIT.txt] -no_script -reset -force -quiet
export_ip_user_files -of_objects  [get_files C:/Users/catch/Desktop/project_max16/data/sram_input.txt] -no_script -reset -force -quiet
export_ip_user_files -of_objects  [get_files C:/Users/catch/Desktop/project_max16/data/systolic_long_input.txt] -no_script -reset -force -quiet
export_ip_user_files -of_objects  [get_files C:/Users/catch/Desktop/project_max16/data/systolic_long_weight.txt] -no_script -reset -force -quiet
export_ip_user_files -of_objects  [get_files C:/Users/catch/Desktop/project_max16/data/systolic_short_sram_input.txt] -no_script -reset -force -quiet
export_ip_user_files -of_objects  [get_files C:/Users/catch/Desktop/project_max16/data/systolic_short_sram_weight.txt] -no_script -reset -force -quiet
remove_files  -fileset sim_1 {C:/Users/catch/Desktop/project_max16/data/NIT_input.txt C:/Users/catch/Desktop/project_max16/data/PFT_input.txt C:/Users/catch/Desktop/project_max16/data/Top_GB_input.txt C:/Users/catch/Desktop/project_max16/data/Top_GB_weight.txt C:/Users/catch/Desktop/project_max16/data/Top_NIT.txt C:/Users/catch/Desktop/project_max16/data/sram_input.txt C:/Users/catch/Desktop/project_max16/data/systolic_long_input.txt C:/Users/catch/Desktop/project_max16/data/systolic_long_weight.txt C:/Users/catch/Desktop/project_max16/data/systolic_short_sram_input.txt C:/Users/catch/Desktop/project_max16/data/systolic_short_sram_weight.txt}
add_files -norecurse {C:/Users/catch/Desktop/project_max16/src/PFT_bram.v C:/Users/catch/Desktop/project_max16/src/line_buffer.v C:/Users/catch/Desktop/project_max16/src/systolic_row.v C:/Users/catch/Desktop/project_max16/src/max_operator.v C:/Users/catch/Desktop/project_max16/src/PE.v C:/Users/catch/Desktop/project_max16/src/global_buffer.v C:/Users/catch/Desktop/project_max16/src/PFT.v C:/Users/catch/Desktop/project_max16/src/systolic.v C:/Users/catch/Desktop/project_max16/src/valid_generator32.v C:/Users/catch/Desktop/project_max16/src/simple_sram2.v C:/Users/catch/Desktop/project_max16/src/max_module32.v C:/Users/catch/Desktop/project_max16/src/simple_sram.v C:/Users/catch/Desktop/project_max16/src/systolic_controller.v C:/Users/catch/Desktop/project_max16/src/delay_unit.v C:/Users/catch/Desktop/project_max16/src/decoder5x32.v C:/Users/catch/Desktop/project_max16/src/shift_register.v C:/Users/catch/Desktop/project_max16/src/systolic_input_buffer.v C:/Users/catch/Desktop/project_max16/src/address_generator.v C:/Users/catch/Desktop/project_max16/src/controller.v C:/Users/catch/Desktop/project_max16/src/subtract_module32.v C:/Users/catch/Desktop/project_max16/src/encoder32x5.v C:/Users/catch/Desktop/project_max16/src/top.v C:/Users/catch/Desktop/project_max16/src/microaddr_generator.v C:/Users/catch/Desktop/project_max16/src/systolic_output_buffer.v C:/Users/catch/Desktop/project_max16/src/subtract_operator.v}
set_property SOURCE_SET sources_1 [get_filesets sim_1]
add_files -fileset sim_1 -norecurse {C:/Users/catch/Desktop/project_max16/data/systolic_long_input.txt C:/Users/catch/Desktop/project_max16/data/systolic_long_weight.txt C:/Users/catch/Desktop/project_max16/data/Top_NIT.txt C:/Users/catch/Desktop/project_max16/data/NIT_input.txt C:/Users/catch/Desktop/project_max16/data/sram_input.txt C:/Users/catch/Desktop/project_max16/data/PFT_input.txt C:/Users/catch/Desktop/project_max16/data/Top_GB_weight.txt C:/Users/catch/Desktop/project_max16/data/systolic_short_sram_weight.txt C:/Users/catch/Desktop/project_max16/data/systolic_short_sram_input.txt C:/Users/catch/Desktop/project_max16/data/Top_GB_input.txt}
add_files -fileset sim_1 -norecurse {C:/Users/catch/Desktop/project_max16/tb/tb_controls.v C:/Users/catch/Desktop/project_max16/tb/tb_controller.v C:/Users/catch/Desktop/project_max16/tb/tb_systolic_output_buffer.v C:/Users/catch/Desktop/project_max16/tb/tb_sram.v C:/Users/catch/Desktop/project_max16/tb/tb_systolic_input_buffer.v C:/Users/catch/Desktop/project_max16/tb/tb_systolic_short.v C:/Users/catch/Desktop/project_max16/tb/tb_top.v C:/Users/catch/Desktop/project_max16/tb/tb_AU.v C:/Users/catch/Desktop/project_max16/tb/tb_systolic_short_sram.v C:/Users/catch/Desktop/project_max16/tb/tb_systolic_controller.v C:/Users/catch/Desktop/project_max16/tb/tb_NIT.v}
exit
INFO: [Common 17-206] Exiting Vivado at Mon May  9 12:30:22 2022...
